	Exporter version: 4.6.1, Blender version: 2.78 (sub 0)
========= Conversion from Blender to Babylon.js =========
	Scene settings used:
		selected layers only:  false
		flat shading entire scene:  false
		inline textures:  false
		texture directory:  C:\Users\James\Desktop\PenaltyShootout\assets\models\
	Python World class constructor completed
	processing begun of mesh:  Mesh_Default
		processing begun of Standard material:  Default
		processing begun of Standard material:  Legs
		processing begun of Standard material:  Chest
		processing begun of Standard material:  Head
		processing begun of Standard material:  Arms
		processing begun of Standard material:  Waist
		processing begun of multimaterial:  legoMan.Multimaterial#0
		num positions      :  7936
		num normals        :  7936
		num uvs            :  15872
		num uvs2           :  0
		num colors         :  0
		num indices        :  31488
	processing begun of camera (FreeCamera):  Camera
	processing begun of light (POINT):  Lamp
========= Writing of scene file started =========
========= Writing of scene file completed =========
========= end of processing =========
elapsed time:  0 min, 0.8872 secs
